# JRE version: Java(TM) SE Runtime Environment (8.0_60-b27) (build 1.8.0_60-b27)
# Java VM: Java HotSpot(TM) 64-Bit Server VM (25.60-b23 mixed mode bsd-amd64 compressed oops)
Heap:
 PSYoungGen      total 76288K, used 14186K [0x00000007aab00000, 0x00000007b0000000, 0x00000007c0000000)
  eden space 65536K, 21% used [0x00000007aab00000,0x00000007ab8dabb8,0x00000007aeb00000)
  from space 10752K, 0% used [0x00000007af580000,0x00000007af580000,0x00000007b0000000)
  to   space 10752K, 0% used [0x00000007aeb00000,0x00000007aeb00000,0x00000007af580000)
 ParOldGen       total 175104K, used 9402K [0x0000000780000000, 0x000000078ab00000, 0x00000007aab00000)
  object space 175104K, 5% used [0x0000000780000000,0x000000078092ea70,0x000000078ab00000)
 Metaspace       used 21936K, capacity 23436K, committed 23728K, reserved 1069056K
  class space    used 2686K, capacity 3192K, committed 3248K, reserved 1048576K
GC Heap History (6 events):
Event: 2.065 GC heap before
{Heap before GC invocations=1 (full 0):
 PSYoungGen      total 76288K, used 65536K [0x00000007aab00000, 0x00000007b0000000, 0x00000007c0000000)
  eden space 65536K, 100% used [0x00000007aab00000,0x00000007aeb00000,0x00000007aeb00000)
  from space 10752K, 0% used [0x00000007af580000,0x00000007af580000,0x00000007b0000000)
  to   space 10752K, 0% used [0x00000007aeb00000,0x00000007aeb00000,0x00000007af580000)
 ParOldGen       total 175104K, used 0K [0x0000000780000000, 0x000000078ab00000, 0x00000007aab00000)
  object space 175104K, 0% used [0x0000000780000000,0x0000000780000000,0x000000078ab00000)
 Metaspace       used 12616K, capacity 13386K, committed 13696K, reserved 1060864K
  class space    used 1372K, capacity 1537K, committed 1664K, reserved 1048576K
Event: 2.084 GC heap after
Heap after GC invocations=1 (full 0):
 PSYoungGen      total 76288K, used 9981K [0x00000007aab00000, 0x00000007b0000000, 0x00000007c0000000)
  eden space 65536K, 0% used [0x00000007aab00000,0x00000007aab00000,0x00000007aeb00000)
  from space 10752K, 92% used [0x00000007aeb00000,0x00000007af4bf4d0,0x00000007af580000)
  to   space 10752K, 0% used [0x00000007af580000,0x00000007af580000,0x00000007b0000000)
 ParOldGen       total 175104K, used 80K [0x0000000780000000, 0x000000078ab00000, 0x00000007aab00000)
  object space 175104K, 0% used [0x0000000780000000,0x0000000780014010,0x000000078ab00000)
 Metaspace       used 12616K, capacity 13386K, committed 13696K, reserved 1060864K
  class space    used 1372K, capacity 1537K, committed 1664K, reserved 1048576K
}
Event: 5.142 GC heap before
{Heap before GC invocations=2 (full 0):
 PSYoungGen      total 76288K, used 26521K [0x00000007aab00000, 0x00000007b0000000, 0x00000007c0000000)
  eden space 65536K, 25% used [0x00000007aab00000,0x00000007abb26f30,0x00000007aeb00000)
  from space 10752K, 92% used [0x00000007aeb00000,0x00000007af4bf4d0,0x00000007af580000)
  to   space 10752K, 0% used [0x00000007af580000,0x00000007af580000,0x00000007b0000000)
 ParOldGen       total 175104K, used 80K [0x0000000780000000, 0x000000078ab00000, 0x00000007aab00000)
  object space 175104K, 0% used [0x0000000780000000,0x0000000780014010,0x000000078ab00000)
 Metaspace       used 19742K, capacity 21250K, committed 21296K, reserved 1067008K
  class space    used 2337K, capacity 2819K, committed 2864K, reserved 1048576K
Event: 5.163 GC heap after
Heap after GC invocations=2 (full 0):
 PSYoungGen      total 76288K, used 9676K [0x00000007aab00000, 0x00000007b0000000, 0x00000007c0000000)
  eden space 65536K, 0% used [0x00000007aab00000,0x00000007aab00000,0x00000007aeb00000)
  from space 10752K, 89% used [0x00000007af580000,0x00000007afef3088,0x00000007b0000000)
  to   space 10752K, 0% used [0x00000007aeb00000,0x00000007aeb00000,0x00000007af580000)
 ParOldGen       total 175104K, used 96K [0x0000000780000000, 0x000000078ab00000, 0x00000007aab00000)
  object space 175104K, 0% used [0x0000000780000000,0x0000000780018010,0x000000078ab00000)
 Metaspace       used 19742K, capacity 21250K, committed 21296K, reserved 1067008K
  class space    used 2337K, capacity 2819K, committed 2864K, reserved 1048576K
}
Event: 5.163 GC heap before
{Heap before GC invocations=3 (full 1):
 PSYoungGen      total 76288K, used 9676K [0x00000007aab00000, 0x00000007b0000000, 0x00000007c0000000)
  eden space 65536K, 0% used [0x00000007aab00000,0x00000007aab00000,0x00000007aeb00000)
  from space 10752K, 89% used [0x00000007af580000,0x00000007afef3088,0x00000007b0000000)
  to   space 10752K, 0% used [0x00000007aeb00000,0x00000007aeb00000,0x00000007af580000)
 ParOldGen       total 175104K, used 96K [0x0000000780000000, 0x000000078ab00000, 0x00000007aab00000)
  object space 175104K, 0% used [0x0000000780000000,0x0000000780018010,0x000000078ab00000)
 Metaspace       used 19742K, capacity 21250K, committed 21296K, reserved 1067008K
  class space    used 2337K, capacity 2819K, committed 2864K, reserved 1048576K
Event: 5.235 GC heap after
Heap after GC invocations=3 (full 1):
 PSYoungGen      total 76288K, used 0K [0x00000007aab00000, 0x00000007b0000000, 0x00000007c0000000)
  eden space 65536K, 0% used [0x00000007aab00000,0x00000007aab00000,0x00000007aeb00000)
  from space 10752K, 0% used [0x00000007af580000,0x00000007af580000,0x00000007b0000000)
  to   space 10752K, 0% used [0x00000007aeb00000,0x00000007aeb00000,0x00000007af580000)
 ParOldGen       total 175104K, used 9402K [0x0000000780000000, 0x000000078ab00000, 0x00000007aab00000)
  object space 175104K, 5% used [0x0000000780000000,0x000000078092ea70,0x000000078ab00000)
 Metaspace       used 19742K, capacity 21250K, committed 21296K, reserved 1067008K
  class space    used 2337K, capacity 2819K, committed 2864K, reserved 1048576K
}

